<?xml version="1.0" encoding="UTF-8"?>
<!-- Generated by org.testng.reporters.JUnitXMLReporter -->
<testsuite hostname="DESKTOP-04MOS7J" ignored="0" name="Free CRM App Test Cases" tests="11" failures="0" timestamp="2020-02-12T21:58:41 IST" time="310.067" errors="0">
  <testcase name="loginPageTitleTest" time="0.078" classname="com.crm.qa.tests.LoginPageTest"/>
  <testcase name="loginTest" time="1.927" classname="com.crm.qa.tests.LoginPageTest"/>
  <testcase name="verifyHomePageTitleTest" time="0.016" classname="com.crm.qa.tests.HomePageTest"/>
  <testcase name="verifyUserNameTest" time="1.525" classname="com.crm.qa.tests.HomePageTest"/>
  <testcase name="verifyContactsLinkTest" time="2.646" classname="com.crm.qa.tests.HomePageTest"/>
  <testcase name="verifyContactsLabelTest" time="0.679" classname="com.crm.qa.tests.ContactsPageTest"/>
  <testcase name="selectSingleContactByNameTest" time="3.053" classname="com.crm.qa.tests.ContactsPageTest"/>
  <testcase name="selectMultipleContactByNameTest" time="4.453" classname="com.crm.qa.tests.ContactsPageTest"/>
  <testcase name="createNewContactTest" time="21.703" classname="com.crm.qa.tests.ContactsPageTest"/>
  <testcase name="createNewContactTest" time="14.24" classname="com.crm.qa.tests.ContactsPageTest"/>
  <testcase name="createNewContactTest" time="9.514" classname="com.crm.qa.tests.ContactsPageTest"/>
</testsuite> <!-- Free CRM App Test Cases -->
