<?xml version="1.0" encoding="UTF-8"?>
<!-- Generated by org.testng.reporters.JUnitXMLReporter -->
<testsuite hostname="DESKTOP-04MOS7J" ignored="0" name="Default test" tests="3" failures="0" timestamp="2020-02-13T13:04:42 IST" time="88.53" errors="0">
  <testcase name="verifyHomePageTitleTest" time="0.028" classname="com.crm.qa.tests.HomePageTest"/>
  <testcase name="verifyUserNameTest" time="2.891" classname="com.crm.qa.tests.HomePageTest"/>
  <testcase name="verifyContactsLinkTest" time="5.687" classname="com.crm.qa.tests.HomePageTest"/>
</testsuite> <!-- Default test -->
