<?xml version="1.0" encoding="UTF-8"?>
<testng-results skipped="0" failed="0" ignored="0" total="3" passed="3">
  <reporter-output>
  </reporter-output>
  <suite name="Default suite" duration-ms="88530" started-at="2020-02-13T13:03:13 IST" finished-at="2020-02-13T13:04:42 IST">
    <groups>
    </groups>
    <test name="Default test" duration-ms="88530" started-at="2020-02-13T13:03:13 IST" finished-at="2020-02-13T13:04:42 IST">
      <class name="com.crm.qa.tests.HomePageTest">
        <test-method status="PASS" signature="setUp()[pri:0, instance:com.crm.qa.tests.HomePageTest@64729b1e]" name="setUp" is-config="true" duration-ms="32508" started-at="2020-02-13T13:03:13 IST" finished-at="2020-02-13T13:03:46 IST">
          <reporter-output>
          </reporter-output>
        </test-method> <!-- setUp -->
        <test-method status="PASS" signature="verifyHomePageTitleTest()[pri:1, instance:com.crm.qa.tests.HomePageTest@64729b1e]" name="verifyHomePageTitleTest" duration-ms="28" started-at="2020-02-13T13:03:46 IST" finished-at="2020-02-13T13:03:46 IST">
          <reporter-output>
          </reporter-output>
        </test-method> <!-- verifyHomePageTitleTest -->
        <test-method status="PASS" signature="tearDown()[pri:0, instance:com.crm.qa.tests.HomePageTest@64729b1e]" name="tearDown" is-config="true" duration-ms="1215" started-at="2020-02-13T13:03:46 IST" finished-at="2020-02-13T13:03:47 IST">
          <reporter-output>
          </reporter-output>
        </test-method> <!-- tearDown -->
        <test-method status="PASS" signature="setUp()[pri:0, instance:com.crm.qa.tests.HomePageTest@64729b1e]" name="setUp" is-config="true" duration-ms="21724" started-at="2020-02-13T13:03:47 IST" finished-at="2020-02-13T13:04:09 IST">
          <reporter-output>
          </reporter-output>
        </test-method> <!-- setUp -->
        <test-method status="PASS" signature="verifyUserNameTest()[pri:2, instance:com.crm.qa.tests.HomePageTest@64729b1e]" name="verifyUserNameTest" duration-ms="2891" started-at="2020-02-13T13:04:09 IST" finished-at="2020-02-13T13:04:11 IST">
          <reporter-output>
          </reporter-output>
        </test-method> <!-- verifyUserNameTest -->
        <test-method status="PASS" signature="tearDown()[pri:0, instance:com.crm.qa.tests.HomePageTest@64729b1e]" name="tearDown" is-config="true" duration-ms="1419" started-at="2020-02-13T13:04:11 IST" finished-at="2020-02-13T13:04:13 IST">
          <reporter-output>
          </reporter-output>
        </test-method> <!-- tearDown -->
        <test-method status="PASS" signature="setUp()[pri:0, instance:com.crm.qa.tests.HomePageTest@64729b1e]" name="setUp" is-config="true" duration-ms="21765" started-at="2020-02-13T13:04:13 IST" finished-at="2020-02-13T13:04:35 IST">
          <reporter-output>
          </reporter-output>
        </test-method> <!-- setUp -->
        <test-method status="PASS" signature="verifyContactsLinkTest()[pri:3, instance:com.crm.qa.tests.HomePageTest@64729b1e]" name="verifyContactsLinkTest" duration-ms="5687" started-at="2020-02-13T13:04:35 IST" finished-at="2020-02-13T13:04:40 IST">
          <reporter-output>
          </reporter-output>
        </test-method> <!-- verifyContactsLinkTest -->
        <test-method status="PASS" signature="tearDown()[pri:0, instance:com.crm.qa.tests.HomePageTest@64729b1e]" name="tearDown" is-config="true" duration-ms="1196" started-at="2020-02-13T13:04:40 IST" finished-at="2020-02-13T13:04:42 IST">
          <reporter-output>
          </reporter-output>
        </test-method> <!-- tearDown -->
      </class> <!-- com.crm.qa.tests.HomePageTest -->
    </test> <!-- Default test -->
  </suite> <!-- Default suite -->
</testng-results>
