<?xml version="1.0" encoding="UTF-8"?>
<!-- Generated by org.testng.reporters.JUnitXMLReporter -->
<testsuite hostname="DESKTOP-J1U7P6K" ignored="0" name="Mvn Demo Test" tests="12" failures="0" timestamp="2020-02-08T18:38:14 IST" time="0.133" errors="0">
  <testcase name="div" time="0.015" classname="com.qa.tests.DemoTest"/>
  <testcase name="mul" time="0.002" classname="com.qa.tests.DemoTest"/>
  <testcase name="sub" time="0.002" classname="com.qa.tests.DemoTest"/>
  <testcase name="sum" time="0.003" classname="com.qa.tests.DemoTest"/>
  <testcase name="div" time="0.002" classname="com.qa.tests.DemoTest1"/>
  <testcase name="mul" time="0.002" classname="com.qa.tests.DemoTest1"/>
  <testcase name="sub" time="0.001" classname="com.qa.tests.DemoTest1"/>
  <testcase name="sum" time="0.003" classname="com.qa.tests.DemoTest1"/>
  <testcase name="div" time="0.002" classname="com.qa.tests.DemoTest2"/>
  <testcase name="mul" time="0.004" classname="com.qa.tests.DemoTest2"/>
  <testcase name="sub" time="0.001" classname="com.qa.tests.DemoTest2"/>
  <testcase name="sum" time="0.002" classname="com.qa.tests.DemoTest2"/>
</testsuite> <!-- Mvn Demo Test -->
